matrix {"batch": {"atoms": 12000.0, "graphs": 218.0, "max_atoms": 163.0, "padded_slots": 35534.0, "sum_n2": 1158000.0}, "cuda": "12.4", "gpu": "NVIDIA RTX 6000 Ada Generation", "torch": "2.5.0+cu124"}
matrix_combinations=432
start {"attention_mode": "sdpa", "compile_scope": "none", "index": 1, "linear_mode": "spatial_recompute", "precision_mode": "fp32_highest", "status": "ok", "total": 432}
done {"attention_mode": "sdpa", "compile_scope": "none", "energy_max_abs": 0.002558588981628418, "energy_mean_abs": 0.000868998293299228, "force_max_abs": 2.3829234123695642e-05, "force_mean_abs": 1.3862540981790517e-06, "forward_ms": 572.4564790143631, "fwd_bwd_ms": 6020.894365035929, "index": 1, "linear_mode": "spatial_recompute", "max_mem_gb": 35.53657913208008, "precision_mode": "fp32_highest", "status": "ok", "total": 432, "wall_s": 14.239643617998809}
start {"attention_mode": "sdpa", "compile_scope": "none", "index": 2, "linear_mode": "spatial_fast", "precision_mode": "fp32_highest", "status": "ok", "total": 432}
done {"attention_mode": "sdpa", "compile_scope": "none", "energy_max_abs": 0.002558588981628418, "energy_mean_abs": 0.0008689972455613315, "force_max_abs": 2.3830118152545765e-05, "force_mean_abs": 1.3862533023711876e-06, "forward_ms": 555.9953789925203, "fwd_bwd_ms": 5960.9970260062255, "index": 2, "linear_mode": "spatial_fast", "max_mem_gb": 30.023523330688477, "precision_mode": "fp32_highest", "status": "ok", "total": 432, "wall_s": 13.95780224900227}
start {"attention_mode": "sdpa", "compile_scope": "none", "index": 3, "linear_mode": "ffn_fourier_scaffold", "precision_mode": "fp32_highest", "status": "ok", "total": 432}
done {"attention_mode": "sdpa", "compile_scope": "none", "energy_max_abs": 0.002558588981628418, "energy_mean_abs": 0.0008689994574524462, "force_max_abs": 2.3831924409023486e-05, "force_mean_abs": 1.3862533023711876e-06, "forward_ms": 497.7663240279071, "fwd_bwd_ms": 5885.56535897078, "index": 3, "linear_mode": "ffn_fourier_scaffold", "max_mem_gb": 29.252163887023926, "precision_mode": "fp32_highest", "status": "ok", "total": 432, "wall_s": 13.633321447996423}
start {"attention_mode": "sdpa", "compile_scope": "none", "index": 4, "linear_mode": "ffn_fourier_direct", "precision_mode": "fp32_highest", "status": "ok", "total": 432}
done {"attention_mode": "sdpa", "compile_scope": "none", "energy_max_abs": 0.002558588981628418, "energy_mean_abs": 0.00086900097085163, "force_max_abs": 2.383992978138849e-05, "force_mean_abs": 1.3862551213605911e-06, "forward_ms": 496.9697000342421, "fwd_bwd_ms": 5893.7643600511365, "index": 4, "linear_mode": "ffn_fourier_direct", "max_mem_gb": 29.201280117034912, "precision_mode": "fp32_highest", "status": "ok", "total": 432, "wall_s": 13.696045703953132}
start {"attention_mode": "sdpa", "compile_scope": "none", "index": 5, "linear_mode": "all_fourier_scaffold", "precision_mode": "fp32_highest", "status": "ok", "total": 432}
done {"attention_mode": "sdpa", "compile_scope": "none", "energy_max_abs": 0.0025577545166015625, "energy_mean_abs": 0.0008687524241395295, "force_max_abs": 2.382326783845201e-05, "force_mean_abs": 1.3862720606994117e-06, "forward_ms": 480.37746601039544, "fwd_bwd_ms": 5854.433978034649, "index": 5, "linear_mode": "all_fourier_scaffold", "max_mem_gb": 28.903109550476074, "precision_mode": "fp32_highest", "status": "ok", "total": 432, "wall_s": 13.548935657017864}
start {"attention_mode": "sdpa", "compile_scope": "none", "index": 6, "linear_mode": "all_fourier_direct", "precision_mode": "fp32_highest", "status": "ok", "total": 432}
done {"attention_mode": "sdpa", "compile_scope": "none", "energy_max_abs": 0.002557814121246338, "energy_mean_abs": 0.0008687550434842706, "force_max_abs": 2.382229286013171e-05, "force_mean_abs": 1.3862730838809512e-06, "forward_ms": 479.00556097738445, "fwd_bwd_ms": 5857.38769301679, "index": 6, "linear_mode": "all_fourier_direct", "max_mem_gb": 28.806519508361816, "precision_mode": "fp32_highest", "status": "ok", "total": 432, "wall_s": 13.710350010951515}
start {"attention_mode": "flash", "compile_scope": "none", "index": 7, "linear_mode": "spatial_recompute", "precision_mode": "fp32_highest", "status": "ok", "total": 432}
done {"attention_mode": "flash", "compile_scope": "none", "energy_max_abs": 0.002559661865234375, "energy_mean_abs": 0.0008687867666594684, "force_max_abs": 2.3758837414789014e-05, "force_mean_abs": 1.3861618981536594e-06, "forward_ms": 557.7367030200548, "fwd_bwd_ms": 1519.8504619766027, "index": 7, "linear_mode": "spatial_recompute", "max_mem_gb": 32.738441944122314, "precision_mode": "fp32_highest", "status": "ok", "total": 432, "wall_s": 4.957553579006344}
start {"attention_mode": "flash", "compile_scope": "none", "index": 8, "linear_mode": "spatial_fast", "precision_mode": "fp32_highest", "status": "ok", "total": 432}
done {"attention_mode": "flash", "compile_scope": "none", "energy_max_abs": 0.0025597214698791504, "energy_mean_abs": 0.0008687952067703009, "force_max_abs": 2.378002682235092e-05, "force_mean_abs": 1.386139160786115e-06, "forward_ms": 536.8308409815654, "fwd_bwd_ms": 1480.485767009668, "index": 8, "linear_mode": "spatial_fast", "max_mem_gb": 27.240310192108154, "precision_mode": "fp32_highest", "status": "ok", "total": 432, "wall_s": 4.827636251051445}
start {"attention_mode": "flash", "compile_scope": "none", "index": 9, "linear_mode": "ffn_fourier_scaffold", "precision_mode": "fp32_highest", "status": "ok", "total": 432}
done {"attention_mode": "flash", "compile_scope": "none", "energy_max_abs": 0.0025595426559448242, "energy_mean_abs": 0.0008687941008247435, "force_max_abs": 2.3778588001732714e-05, "force_mean_abs": 1.3861344996257685e-06, "forward_ms": 477.08752896869555, "fwd_bwd_ms": 1271.3126129820012, "index": 9, "linear_mode": "ffn_fourier_scaffold", "max_mem_gb": 26.477136611938477, "precision_mode": "fp32_highest", "status": "ok", "total": 432, "wall_s": 4.230269747029524}
start {"attention_mode": "flash", "compile_scope": "none", "index": 10, "linear_mode": "ffn_fourier_direct", "precision_mode": "fp32_highest", "status": "ok", "total": 432}
done {"attention_mode": "flash", "compile_scope": "none", "energy_max_abs": 0.0025595426559448242, "energy_mean_abs": 0.0008687960216775537, "force_max_abs": 2.3751283151796088e-05, "force_mean_abs": 1.386142457704409e-06, "forward_ms": 475.5213109892793, "fwd_bwd_ms": 1270.1135060051456, "index": 10, "linear_mode": "ffn_fourier_direct", "max_mem_gb": 26.417057037353516, "precision_mode": "fp32_highest", "status": "ok", "total": 432, "wall_s": 4.253110408026259}
start {"attention_mode": "flash", "compile_scope": "none", "index": 11, "linear_mode": "all_fourier_scaffold", "precision_mode": "fp32_highest", "status": "ok", "total": 432}
done {"attention_mode": "flash", "compile_scope": "none", "energy_max_abs": 0.0025590062141418457, "energy_mean_abs": 0.0008685474749654531, "force_max_abs": 2.3819395210011862e-05, "force_mean_abs": 1.3861198340237024e-06, "forward_ms": 434.90887799998745, "fwd_bwd_ms": 1179.0964500396512, "index": 11, "linear_mode": "all_fourier_scaffold", "max_mem_gb": 26.13348913192749, "precision_mode": "fp32_highest", "status": "ok", "total": 432, "wall_s": 3.927153280994389}
start {"attention_mode": "flash", "compile_scope": "none", "index": 12, "linear_mode": "all_fourier_direct", "precision_mode": "fp32_highest", "status": "ok", "total": 432}
done {"attention_mode": "flash", "compile_scope": "none", "energy_max_abs": 0.0025588274002075195, "energy_mean_abs": 0.0008685494540259242, "force_max_abs": 2.3818565750843845e-05, "force_mean_abs": 1.386121653013106e-06, "forward_ms": 431.5166529850103, "fwd_bwd_ms": 1177.8088500141166, "index": 12, "linear_mode": "all_fourier_direct", "max_mem_gb": 26.030235290527344, "precision_mode": "fp32_highest", "status": "ok", "total": 432, "wall_s": 4.042390524991788}
start {"attention_mode": "triton_tf32", "compile_scope": "none", "index": 13, "linear_mode": "spatial_recompute", "precision_mode": "fp32_highest", "status": "ok", "total": 432}
done {"attention_mode": "triton_tf32", "compile_scope": "none", "energy_max_abs": 0.0025563836097717285, "energy_mean_abs": 0.0008684080676175654, "force_max_abs": 2.3812772269593552e-05, "force_mean_abs": 1.3862540981790517e-06, "forward_ms": 560.9141750028357, "fwd_bwd_ms": 1541.7649220325984, "index": 13, "linear_mode": "spatial_recompute", "max_mem_gb": 34.11561632156372, "precision_mode": "fp32_highest", "status": "ok", "total": 432, "wall_s": 5.33922723098658}
start {"attention_mode": "triton_tf32", "compile_scope": "none", "index": 14, "linear_mode": "spatial_fast", "precision_mode": "fp32_highest", "status": "ok", "total": 432}
done {"attention_mode": "triton_tf32", "compile_scope": "none", "energy_max_abs": 0.002556443214416504, "energy_mean_abs": 0.000868405622895807, "force_max_abs": 2.3820375645300373e-05, "force_mean_abs": 1.3862533023711876e-06, "forward_ms": 540.660971950274, "fwd_bwd_ms": 1504.3740879627876, "index": 14, "linear_mode": "spatial_fast", "max_mem_gb": 28.617487907409668, "precision_mode": "fp32_highest", "status": "ok", "total": 432, "wall_s": 4.909845980000682}
start {"attention_mode": "triton_tf32", "compile_scope": "none", "index": 15, "linear_mode": "ffn_fourier_scaffold", "precision_mode": "fp32_highest", "status": "ok", "total": 432}
done {"attention_mode": "triton_tf32", "compile_scope": "none", "energy_max_abs": 0.002556324005126953, "energy_mean_abs": 0.0008684101630933583, "force_max_abs": 2.3817263354430906e-05, "force_mean_abs": 1.3862364767192048e-06, "forward_ms": 478.5109719960019, "fwd_bwd_ms": 1289.256822958123, "index": 15, "linear_mode": "ffn_fourier_scaffold", "max_mem_gb": 27.853453159332275, "precision_mode": "fp32_highest", "status": "ok", "total": 432, "wall_s": 4.246907658991404}
start {"attention_mode": "triton_tf32", "compile_scope": "none", "index": 16, "linear_mode": "ffn_fourier_direct", "precision_mode": "fp32_highest", "status": "ok", "total": 432}
done {"attention_mode": "triton_tf32", "compile_scope": "none", "energy_max_abs": 0.0025563836097717285, "energy_mean_abs": 0.0008684098138473928, "force_max_abs": 2.3823173251003027e-05, "force_mean_abs": 1.3862621699445299e-06, "forward_ms": 474.0337510011159, "fwd_bwd_ms": 1288.99797500344, "index": 16, "linear_mode": "ffn_fourier_direct", "max_mem_gb": 27.79426097869873, "precision_mode": "fp32_highest", "status": "ok", "total": 432, "wall_s": 4.289893960987683}
start {"attention_mode": "triton_tf32", "compile_scope": "none", "index": 17, "linear_mode": "all_fourier_scaffold", "precision_mode": "fp32_highest", "status": "ok", "total": 432}
done {"attention_mode": "triton_tf32", "compile_scope": "none", "energy_max_abs": 0.0025557875633239746, "energy_mean_abs": 0.000868164177518338, "force_max_abs": 2.3822674847906455e-05, "force_mean_abs": 1.3862545529264025e-06, "forward_ms": 430.94024900346994, "fwd_bwd_ms": 1168.3034810121171, "index": 17, "linear_mode": "all_fourier_scaffold", "max_mem_gb": 27.510986804962158, "precision_mode": "fp32_highest", "status": "ok", "total": 432, "wall_s": 3.8936657860176638}
start {"attention_mode": "triton_tf32", "compile_scope": "none", "index": 18, "linear_mode": "all_fourier_direct", "precision_mode": "fp32_highest", "status": "ok", "total": 432}
done {"attention_mode": "triton_tf32", "compile_scope": "none", "energy_max_abs": 0.00255584716796875, "energy_mean_abs": 0.0008681657491251826, "force_max_abs": 2.382693492108956e-05, "force_mean_abs": 1.3862594414604246e-06, "forward_ms": 429.6183409751393, "fwd_bwd_ms": 1168.8953470438719, "index": 18, "linear_mode": "all_fourier_direct", "max_mem_gb": 27.407169342041016, "precision_mode": "fp32_highest", "status": "ok", "total": 432, "wall_s": 3.9879840100184083}
start {"attention_mode": "triton_tf32x3", "compile_scope": "none", "index": 19, "linear_mode": "spatial_recompute", "precision_mode": "fp32_highest", "status": "ok", "total": 432}
done {"attention_mode": "triton_tf32x3", "compile_scope": "none", "energy_max_abs": 0.002558588981628418, "energy_mean_abs": 0.0008689969545230269, "force_max_abs": 2.3831840735510923e-05, "force_mean_abs": 1.3862593277735868e-06, "forward_ms": 572.6403020089492, "fwd_bwd_ms": 1590.6966719776392, "index": 19, "linear_mode": "spatial_recompute", "max_mem_gb": 34.11561632156372, "precision_mode": "fp32_highest", "status": "ok", "total": 432, "wall_s": 5.153864349005744}
start {"attention_mode": "triton_tf32x3", "compile_scope": "none", "index": 20, "linear_mode": "spatial_fast", "precision_mode": "fp32_highest", "status": "ok", "total": 432}
done {"attention_mode": "triton_tf32x3", "compile_scope": "none", "energy_max_abs": 0.0025586485862731934, "energy_mean_abs": 0.0008689939277246594, "force_max_abs": 2.382965431024786e-05, "force_mean_abs": 1.386252733936999e-06, "forward_ms": 547.6144829881378, "fwd_bwd_ms": 1541.4845020277426, "index": 20, "linear_mode": "spatial_fast", "max_mem_gb": 28.617487907409668, "precision_mode": "fp32_highest", "status": "ok", "total": 432, "wall_s": 4.969297701027244}
start {"attention_mode": "triton_tf32x3", "compile_scope": "none", "index": 21, "linear_mode": "ffn_fourier_scaffold", "precision_mode": "fp32_highest", "status": "ok", "total": 432}
done {"attention_mode": "triton_tf32x3", "compile_scope": "none", "energy_max_abs": 0.002558588981628418, "energy_mean_abs": 0.0008690022514201701, "force_max_abs": 2.3834110834286548e-05, "force_mean_abs": 1.3862468222214375e-06, "forward_ms": 488.6389300227165, "fwd_bwd_ms": 1331.3547360012308, "index": 21, "linear_mode": "ffn_fourier_scaffold", "max_mem_gb": 27.853453159332275, "precision_mode": "fp32_highest", "status": "ok", "total": 432, "wall_s": 4.373389721033163}
start {"attention_mode": "triton_tf32x3", "compile_scope": "none", "index": 22, "linear_mode": "ffn_fourier_direct", "precision_mode": "fp32_highest", "status": "ok", "total": 432}
done {"attention_mode": "triton_tf32x3", "compile_scope": "none", "energy_max_abs": 0.002558588981628418, "energy_mean_abs": 0.000869000272359699, "force_max_abs": 2.3835498723201454e-05, "force_mean_abs": 1.3862426158084418e-06, "forward_ms": 483.8128790142946, "fwd_bwd_ms": 1333.2894699997269, "index": 22, "linear_mode": "ffn_fourier_direct", "max_mem_gb": 27.79426097869873, "precision_mode": "fp32_highest", "status": "ok", "total": 432, "wall_s": 4.4129519470152445}
start {"attention_mode": "triton_tf32x3", "compile_scope": "none", "index": 23, "linear_mode": "all_fourier_scaffold", "precision_mode": "fp32_highest", "status": "ok", "total": 432}
done {"attention_mode": "triton_tf32x3", "compile_scope": "none", "energy_max_abs": 0.0025578737258911133, "energy_mean_abs": 0.0008687576046213508, "force_max_abs": 2.3823075025575235e-05, "force_mean_abs": 1.3862742207493284e-06, "forward_ms": 439.6921110455878, "fwd_bwd_ms": 1199.4226839742623, "index": 23, "linear_mode": "all_fourier_scaffold", "max_mem_gb": 27.510986804962158, "precision_mode": "fp32_highest", "status": "ok", "total": 432, "wall_s": 4.005739772983361}
start {"attention_mode": "triton_tf32x3", "compile_scope": "none", "index": 24, "linear_mode": "all_fourier_direct", "precision_mode": "fp32_highest", "status": "ok", "total": 432}
done {"attention_mode": "triton_tf32x3", "compile_scope": "none", "energy_max_abs": 0.0025578737258911133, "energy_mean_abs": 0.0008687546942383051, "force_max_abs": 2.3825157768442295e-05, "force_mean_abs": 1.3862753576177056e-06, "forward_ms": 434.77328901644796, "fwd_bwd_ms": 1199.9809709959663, "index": 24, "linear_mode": "all_fourier_direct", "max_mem_gb": 27.407169342041016, "precision_mode": "fp32_highest", "status": "ok", "total": 432, "wall_s": 4.078338538995013}
start {"attention_mode": "triton_ieee", "compile_scope": "none", "index": 25, "linear_mode": "spatial_recompute", "precision_mode": "fp32_highest", "status": "ok", "total": 432}
done {"attention_mode": "triton_ieee", "compile_scope": "none", "energy_max_abs": 0.002558588981628418, "energy_mean_abs": 0.0008689941023476422, "force_max_abs": 2.3823973606340587e-05, "force_mean_abs": 1.3862562582289684e-06, "forward_ms": 583.289434958715, "fwd_bwd_ms": 1616.5644220309332, "index": 25, "linear_mode": "spatial_recompute", "max_mem_gb": 34.11561632156372, "precision_mode": "fp32_highest", "status": "ok", "total": 432, "wall_s": 5.231888698996045}
start {"attention_mode": "triton_ieee", "compile_scope": "none", "index": 26, "linear_mode": "spatial_fast", "precision_mode": "fp32_highest", "status": "ok", "total": 432}
done {"attention_mode": "triton_ieee", "compile_scope": "none", "energy_max_abs": 0.002558588981628418, "energy_mean_abs": 0.0008689952665008605, "force_max_abs": 2.383422543061897e-05, "force_mean_abs": 1.3862493233318673e-06, "forward_ms": 564.3089429941028, "fwd_bwd_ms": 1578.4558770246804, "index": 26, "linear_mode": "spatial_fast", "max_mem_gb": 28.617487907409668, "precision_mode": "fp32_highest", "status": "ok", "total": 432, "wall_s": 5.104046413034666}
start {"attention_mode": "triton_ieee", "compile_scope": "none", "index": 27, "linear_mode": "ffn_fourier_scaffold", "precision_mode": "fp32_highest", "status": "ok", "total": 432}
done {"attention_mode": "triton_ieee", "compile_scope": "none", "energy_max_abs": 0.002558588981628418, "energy_mean_abs": 0.00086900097085163, "force_max_abs": 2.3836490072426386e-05, "force_mean_abs": 1.3862571677236701e-06, "forward_ms": 495.5399979953654, "fwd_bwd_ms": 1367.384728975594, "index": 27, "linear_mode": "ffn_fourier_scaffold", "max_mem_gb": 27.853453159332275, "precision_mode": "fp32_highest", "status": "ok", "total": 432, "wall_s": 4.486031013017055}
start {"attention_mode": "triton_ieee", "compile_scope": "none", "index": 28, "linear_mode": "ffn_fourier_direct", "precision_mode": "fp32_highest", "status": "ok", "total": 432}
done {"attention_mode": "triton_ieee", "compile_scope": "none", "energy_max_abs": 0.002558588981628418, "energy_mean_abs": 0.0008689966052770615, "force_max_abs": 2.38402935792692e-05, "force_mean_abs": 1.3862533023711876e-06, "forward_ms": 495.1019320287742, "fwd_bwd_ms": 1365.793032979127, "index": 28, "linear_mode": "ffn_fourier_direct", "max_mem_gb": 27.79426097869873, "precision_mode": "fp32_highest", "status": "ok", "total": 432, "wall_s": 4.51638077798998}
start {"attention_mode": "triton_ieee", "compile_scope": "none", "index": 29, "linear_mode": "all_fourier_scaffold", "precision_mode": "fp32_highest", "status": "ok", "total": 432}
done {"attention_mode": "triton_ieee", "compile_scope": "none", "energy_max_abs": 0.002557694911956787, "energy_mean_abs": 0.0008687552181072533, "force_max_abs": 2.382228194619529e-05, "force_mean_abs": 1.3862717196388985e-06, "forward_ms": 449.573743971996, "fwd_bwd_ms": 1245.7000130089, "index": 29, "linear_mode": "all_fourier_scaffold", "max_mem_gb": 27.510986804962158, "precision_mode": "fp32_highest", "status": "ok", "total": 432, "wall_s": 4.138836516998708}
start {"attention_mode": "triton_ieee", "compile_scope": "none", "index": 30, "linear_mode": "all_fourier_direct", "precision_mode": "fp32_highest", "status": "ok", "total": 432}
srun: interrupt (one more within 1 sec to abort)
srun: StepId=168662.0 task 0: running
done {"attention_mode": "triton_ieee", "compile_scope": "none", "energy_max_abs": 0.0025577545166015625, "energy_mean_abs": 0.000868754053954035, "force_max_abs": 2.3822274670237675e-05, "force_mean_abs": 1.3862746754966793e-06, "forward_ms": 448.9841810427606, "fwd_bwd_ms": 1244.2482670303434, "index": 30, "linear_mode": "all_fourier_direct", "max_mem_gb": 27.407169342041016, "precision_mode": "fp32_highest", "status": "ok", "total": 432, "wall_s": 4.21061612397898}
start {"attention_mode": "triton_bf16compat", "compile_scope": "none", "index": 31, "linear_mode": "spatial_recompute", "precision_mode": "fp32_highest", "status": "ok", "total": 432}
done {"attention_mode": "triton_bf16compat", "compile_scope": "none", "energy_max_abs": 0.002558887004852295, "energy_mean_abs": 0.0008687716326676309, "force_max_abs": 2.3717315343674272e-05, "force_mean_abs": 1.3861573506801506e-06, "forward_ms": 569.6173909818754, "fwd_bwd_ms": 1547.8304990101606, "index": 31, "linear_mode": "spatial_recompute", "max_mem_gb": 32.74061632156372, "precision_mode": "fp32_highest", "status": "ok", "total": 432, "wall_s": 5.060151984042022}
start {"attention_mode": "triton_bf16compat", "compile_scope": "none", "index": 32, "linear_mode": "spatial_fast", "precision_mode": "fp32_highest", "status": "ok", "total": 432}
done {"attention_mode": "triton_bf16compat", "compile_scope": "none", "energy_max_abs": 0.002558767795562744, "energy_mean_abs": 0.0008687623776495457, "force_max_abs": 2.3733486159471795e-05, "force_mean_abs": 1.3861839534001774e-06, "forward_ms": 544.1086840000935, "fwd_bwd_ms": 1496.1775990086608, "index": 32, "linear_mode": "spatial_fast", "max_mem_gb": 27.24248456954956, "precision_mode": "fp32_highest", "status": "ok", "total": 432, "wall_s": 4.872028370038606}
start {"attention_mode": "triton_bf16compat", "compile_scope": "none", "index": 33, "linear_mode": "ffn_fourier_scaffold", "precision_mode": "fp32_highest", "status": "ok", "total": 432}
srun: interrupt (one more within 1 sec to abort)
srun: StepId=168662.0 task 0: running
done {"attention_mode": "triton_bf16compat", "compile_scope": "none", "energy_max_abs": 0.002558887004852295, "energy_mean_abs": 0.0008687676163390279, "force_max_abs": 2.372539893258363e-05, "force_mean_abs": 1.386142457704409e-06, "forward_ms": 480.6348569691181, "fwd_bwd_ms": 1288.7014239677228, "index": 33, "linear_mode": "ffn_fourier_scaffold", "max_mem_gb": 26.479310989379883, "precision_mode": "fp32_highest", "status": "ok", "total": 432, "wall_s": 4.2715755100362}
start {"attention_mode": "triton_bf16compat", "compile_scope": "none", "index": 34, "linear_mode": "ffn_fourier_direct", "precision_mode": "fp32_highest", "status": "ok", "total": 432}
done {"attention_mode": "triton_bf16compat", "compile_scope": "none", "energy_max_abs": 0.0025589466094970703, "energy_mean_abs": 0.000868762843310833, "force_max_abs": 2.3715620045550168e-05, "force_mean_abs": 1.3861533716408303e-06, "forward_ms": 485.1618430111557, "fwd_bwd_ms": 1288.5136550175957, "index": 34, "linear_mode": "ffn_fourier_direct", "max_mem_gb": 26.419231414794922, "precision_mode": "fp32_highest", "status": "ok", "total": 432, "wall_s": 4.314420942973811}
start {"attention_mode": "triton_bf16compat", "compile_scope": "none", "index": 35, "linear_mode": "all_fourier_scaffold", "precision_mode": "fp32_highest", "status": "ok", "total": 432}
done {"attention_mode": "triton_bf16compat", "compile_scope": "none", "energy_max_abs": 0.0025581717491149902, "energy_mean_abs": 0.0008685155771672726, "force_max_abs": 2.374848918407224e-05, "force_mean_abs": 1.386112217005575e-06, "forward_ms": 438.9256649883464, "fwd_bwd_ms": 1173.974598001223, "index": 35, "linear_mode": "all_fourier_scaffold", "max_mem_gb": 26.135663509368896, "precision_mode": "fp32_highest", "status": "ok", "total": 432, "wall_s": 3.9302652970072813}
start {"attention_mode": "triton_bf16compat", "compile_scope": "none", "index": 36, "linear_mode": "all_fourier_direct", "precision_mode": "fp32_highest", "status": "ok", "total": 432}
srun: forcing job termination
srun: forcing job termination
srun: Job step aborted: Waiting up to 32 seconds for job step to finish.
slurmstepd-ivi-cn033: error: *** STEP 168662.0 ON ivi-cn033 CANCELLED AT 2026-05-16T09:41:01 ***
srun: error: ivi-cn033: task 0: Killed
